C:\USERS\ADAM\DOCUMENTS\VISUAL STUDIO 2010\C++\DZO\PRVNIHODINA\SOLUTION\DEBUG\SOLUTION.EXE
C:\USERS\ADAM\DOCUMENTS\VISUAL STUDIO 2010\C++\DZO\PRVNIHODINA\SOLUTION\DEBUG\SOLUTION.ILK
C:\USERS\ADAM\DOCUMENTS\VISUAL STUDIO 2010\C++\DZO\PRVNIHODINA\SOLUTION\DEBUG\SOLUTION.PDB
C:\Users\adam\Documents\Visual Studio 2010\c++\dzo\prvniHodina\solution\solution\Debug\cl.command.1.tlog
C:\Users\adam\Documents\Visual Studio 2010\c++\dzo\prvniHodina\solution\solution\Debug\CL.read.1.tlog
C:\Users\adam\Documents\Visual Studio 2010\c++\dzo\prvniHodina\solution\solution\Debug\CL.write.1.tlog
C:\USERS\ADAM\DOCUMENTS\VISUAL STUDIO 2010\C++\DZO\PRVNIHODINA\SOLUTION\SOLUTION\DEBUG\CTVRTAHODINA.OBJ
C:\USERS\ADAM\DOCUMENTS\VISUAL STUDIO 2010\C++\DZO\PRVNIHODINA\SOLUTION\SOLUTION\DEBUG\DRUHAHODINA.OBJ
C:\Users\adam\Documents\Visual Studio 2010\c++\dzo\prvniHodina\solution\solution\Debug\link.4672.read.1.tlog
C:\Users\adam\Documents\Visual Studio 2010\c++\dzo\prvniHodina\solution\solution\Debug\link.4672.write.1.tlog
C:\Users\adam\Documents\Visual Studio 2010\c++\dzo\prvniHodina\solution\solution\Debug\link.4672-cvtres.read.1.tlog
C:\Users\adam\Documents\Visual Studio 2010\c++\dzo\prvniHodina\solution\solution\Debug\link.4672-cvtres.write.1.tlog
C:\Users\adam\Documents\Visual Studio 2010\c++\dzo\prvniHodina\solution\solution\Debug\link.command.1.tlog
C:\Users\adam\Documents\Visual Studio 2010\c++\dzo\prvniHodina\solution\solution\Debug\link.read.1.tlog
C:\Users\adam\Documents\Visual Studio 2010\c++\dzo\prvniHodina\solution\solution\Debug\link.write.1.tlog
C:\Users\adam\Documents\Visual Studio 2010\c++\dzo\prvniHodina\solution\solution\Debug\link-cvtres.read.1.tlog
C:\Users\adam\Documents\Visual Studio 2010\c++\dzo\prvniHodina\solution\solution\Debug\link-cvtres.write.1.tlog
C:\Users\adam\Documents\Visual Studio 2010\c++\dzo\prvniHodina\solution\solution\Debug\mt.command.1.tlog
C:\Users\adam\Documents\Visual Studio 2010\c++\dzo\prvniHodina\solution\solution\Debug\mt.read.1.tlog
C:\Users\adam\Documents\Visual Studio 2010\c++\dzo\prvniHodina\solution\solution\Debug\mt.write.1.tlog
C:\USERS\ADAM\DOCUMENTS\VISUAL STUDIO 2010\C++\DZO\PRVNIHODINA\SOLUTION\SOLUTION\DEBUG\PATAHODINA.OBJ
C:\Users\adam\Documents\Visual Studio 2010\c++\dzo\prvniHodina\solution\solution\Debug\rc.command.1.tlog
C:\Users\adam\Documents\Visual Studio 2010\c++\dzo\prvniHodina\solution\solution\Debug\rc.read.1.tlog
C:\Users\adam\Documents\Visual Studio 2010\c++\dzo\prvniHodina\solution\solution\Debug\rc.write.1.tlog
C:\USERS\ADAM\DOCUMENTS\VISUAL STUDIO 2010\C++\DZO\PRVNIHODINA\SOLUTION\SOLUTION\DEBUG\SOLUTION.EXE.EMBED.MANIFEST
C:\USERS\ADAM\DOCUMENTS\VISUAL STUDIO 2010\C++\DZO\PRVNIHODINA\SOLUTION\SOLUTION\DEBUG\SOLUTION.EXE.EMBED.MANIFEST.RES
C:\USERS\ADAM\DOCUMENTS\VISUAL STUDIO 2010\C++\DZO\PRVNIHODINA\SOLUTION\SOLUTION\DEBUG\SOLUTION.EXE.INTERMEDIATE.MANIFEST
C:\USERS\ADAM\DOCUMENTS\VISUAL STUDIO 2010\C++\DZO\PRVNIHODINA\SOLUTION\SOLUTION\DEBUG\SOLUTION.OBJ
C:\USERS\ADAM\DOCUMENTS\VISUAL STUDIO 2010\C++\DZO\PRVNIHODINA\SOLUTION\SOLUTION\DEBUG\SOLUTION.PCH
C:\Users\adam\Documents\Visual Studio 2010\c++\dzo\prvniHodina\solution\solution\Debug\solution_manifest.rc
C:\USERS\ADAM\DOCUMENTS\VISUAL STUDIO 2010\C++\DZO\PRVNIHODINA\SOLUTION\SOLUTION\DEBUG\STDAFX.OBJ
C:\USERS\ADAM\DOCUMENTS\VISUAL STUDIO 2010\C++\DZO\PRVNIHODINA\SOLUTION\SOLUTION\DEBUG\TRETIHODINA.OBJ
C:\Users\adam\Documents\Visual Studio 2010\c++\dzo\prvniHodina\solution\solution\Debug\vc100.idb
C:\USERS\ADAM\DOCUMENTS\VISUAL STUDIO 2010\C++\DZO\PRVNIHODINA\SOLUTION\SOLUTION\DEBUG\VC100.PDB
