Build started 22.10.2013 12:08:02.
     1>Project "C:\Users\adam\Documents\Visual Studio 2010\c++\dzo\prvniHodina\solution\solution\solution.vcxproj" on node 2 (build target(s)).
     1>InitializeBuildStatus:
         Creating "Debug\solution.unsuccessfulbuild" because "AlwaysCreate" was specified.
       ClCompile:
         All outputs are up-to-date.
         C:\Program Files (x86)\Microsoft Visual Studio 10.0\VC\bin\CL.exe /c /I"C:\Program Files\openCV\build\include" /ZI /nologo /W3 /WX- /Od /Oy- /D WIN32 /D _DEBUG /D _CONSOLE /D _UNICODE /D UNICODE /Gm /EHsc /RTC1 /MDd /GS /fp:precise /Zc:wchar_t /Zc:forScope /Yu"StdAfx.h" /Fp"Debug\solution.pch" /Fo"Debug\\" /Fd"Debug\vc100.pdb" /Gd /TP /analyze- /errorReport:prompt pataHodina.cpp
         pataHodina.cpp
     1>c:\users\adam\documents\visual studio 2010\c++\dzo\prvnihodina\solution\solution\patahodina.cpp(28): warning C4244: 'argument' : conversion from 'int' to 'float', possible loss of data
       ManifestResourceCompile:
         All outputs are up-to-date.
       Link:
         C:\Program Files (x86)\Microsoft Visual Studio 10.0\VC\bin\link.exe /ERRORREPORT:PROMPT /OUT:"C:\Users\adam\Documents\Visual Studio 2010\c++\dzo\prvniHodina\solution\Debug\solution.exe" /INCREMENTAL /NOLOGO /LIBPATH:"C:\Program Files\openCV\build\x86\vc10\lib" opencv_core246d.lib opencv_highgui246d.lib opencv_imgproc246d.lib kernel32.lib user32.lib gdi32.lib winspool.lib comdlg32.lib advapi32.lib shell32.lib ole32.lib oleaut32.lib uuid.lib odbc32.lib odbccp32.lib /MANIFEST /ManifestFile:"Debug\solution.exe.intermediate.manifest" /MANIFESTUAC:"level='asInvoker' uiAccess='false'" /DEBUG /PDB:"C:\Users\adam\Documents\Visual Studio 2010\c++\dzo\prvniHodina\solution\Debug\solution.pdb" /SUBSYSTEM:CONSOLE /TLBID:1 /DYNAMICBASE /NXCOMPAT /IMPLIB:"C:\Users\adam\Documents\Visual Studio 2010\c++\dzo\prvniHodina\solution\Debug\solution.lib" /MACHINE:X86 Debug\solution.exe.embed.manifest.res
         Debug\ctvrtaHodina.obj
         Debug\druhaHodina.obj
         Debug\pataHodina.obj
         Debug\solution.obj
         Debug\stdafx.obj
         Debug\tretiHodina.obj
       Manifest:
         C:\Program Files (x86)\Microsoft SDKs\Windows\v7.0A\bin\mt.exe /nologo /verbose /out:"Debug\solution.exe.embed.manifest" /manifest Debug\solution.exe.intermediate.manifest
         All outputs are up-to-date.
       LinkEmbedManifest:
         All outputs are up-to-date.
         solution.vcxproj -> C:\Users\adam\Documents\Visual Studio 2010\c++\dzo\prvniHodina\solution\Debug\solution.exe
       FinalizeBuildStatus:
         Deleting file "Debug\solution.unsuccessfulbuild".
         Touching "Debug\solution.lastbuildstate".
     1>Done Building Project "C:\Users\adam\Documents\Visual Studio 2010\c++\dzo\prvniHodina\solution\solution\solution.vcxproj" (build target(s)).

Build succeeded.

Time Elapsed 00:00:00.50
